<?xml version="1.0" encoding="UTF-8"?>
<testsuite xmlns:xsi="http://www.w3.org/2001/XMLSchema-instance" xsi:noNamespaceSchemaLocation="https://maven.apache.org/surefire/maven-surefire-plugin/xsd/surefire-test-report-3.0.xsd" version="3.0" name="com.worldcup.GoalTest" time="0.359" tests="37" errors="0" skipped="0" failures="0">
  <properties>
    <property name="java.specification.version" value="17"/>
    <property name="sun.cpu.isalist" value="amd64"/>
    <property name="sun.jnu.encoding" value="Cp1252"/>
    <property name="java.class.path" value="c:\Users\Nam\Downloads\WorldCup\WorldCup\target\test-classes;c:\Users\Nam\Downloads\WorldCup\WorldCup\target\classes;C:\Users\Nam\.m2\repository\org\junit\jupiter\junit-jupiter\5.9.3\junit-jupiter-5.9.3.jar;C:\Users\Nam\.m2\repository\org\junit\jupiter\junit-jupiter-api\5.9.3\junit-jupiter-api-5.9.3.jar;C:\Users\Nam\.m2\repository\org\opentest4j\opentest4j\1.2.0\opentest4j-1.2.0.jar;C:\Users\Nam\.m2\repository\org\junit\platform\junit-platform-commons\1.9.3\junit-platform-commons-1.9.3.jar;C:\Users\Nam\.m2\repository\org\apiguardian\apiguardian-api\1.1.2\apiguardian-api-1.1.2.jar;C:\Users\Nam\.m2\repository\org\junit\jupiter\junit-jupiter-params\5.9.3\junit-jupiter-params-5.9.3.jar;C:\Users\Nam\.m2\repository\org\junit\jupiter\junit-jupiter-engine\5.9.3\junit-jupiter-engine-5.9.3.jar;C:\Users\Nam\.m2\repository\org\junit\platform\junit-platform-engine\1.9.3\junit-platform-engine-1.9.3.jar;"/>
    <property name="java.vm.vendor" value="Oracle Corporation"/>
    <property name="sun.arch.data.model" value="64"/>
    <property name="user.variant" value=""/>
    <property name="java.vendor.url" value="https://java.oracle.com/"/>
    <property name="user.timezone" value="Asia/Saigon"/>
    <property name="os.name" value="Windows 11"/>
    <property name="java.vm.specification.version" value="17"/>
    <property name="sun.java.launcher" value="SUN_STANDARD"/>
    <property name="user.country" value="GB"/>
    <property name="sun.boot.library.path" value="C:\Program Files\Java\jdk-17\bin"/>
    <property name="sun.java.command" value="C:\Users\Nam\AppData\Local\Temp\surefire17031498605571997966\surefirebooter-20250803172251626_3.jar C:\Users\Nam\AppData\Local\Temp\surefire17031498605571997966 2025-08-03T17-22-50_901-jvmRun1 surefire-20250803172251626_1tmp surefire_0-20250803172251626_2tmp"/>
    <property name="jdk.debug" value="release"/>
    <property name="test" value="GoalTest"/>
    <property name="surefire.test.class.path" value="c:\Users\Nam\Downloads\WorldCup\WorldCup\target\test-classes;c:\Users\Nam\Downloads\WorldCup\WorldCup\target\classes;C:\Users\Nam\.m2\repository\org\junit\jupiter\junit-jupiter\5.9.3\junit-jupiter-5.9.3.jar;C:\Users\Nam\.m2\repository\org\junit\jupiter\junit-jupiter-api\5.9.3\junit-jupiter-api-5.9.3.jar;C:\Users\Nam\.m2\repository\org\opentest4j\opentest4j\1.2.0\opentest4j-1.2.0.jar;C:\Users\Nam\.m2\repository\org\junit\platform\junit-platform-commons\1.9.3\junit-platform-commons-1.9.3.jar;C:\Users\Nam\.m2\repository\org\apiguardian\apiguardian-api\1.1.2\apiguardian-api-1.1.2.jar;C:\Users\Nam\.m2\repository\org\junit\jupiter\junit-jupiter-params\5.9.3\junit-jupiter-params-5.9.3.jar;C:\Users\Nam\.m2\repository\org\junit\jupiter\junit-jupiter-engine\5.9.3\junit-jupiter-engine-5.9.3.jar;C:\Users\Nam\.m2\repository\org\junit\platform\junit-platform-engine\1.9.3\junit-platform-engine-1.9.3.jar;"/>
    <property name="sun.cpu.endian" value="little"/>
    <property name="user.home" value="C:\Users\Nam"/>
    <property name="user.language" value="en"/>
    <property name="java.specification.vendor" value="Oracle Corporation"/>
    <property name="java.version.date" value="2024-07-16"/>
    <property name="java.home" value="C:\Program Files\Java\jdk-17"/>
    <property name="file.separator" value="\"/>
    <property name="basedir" value="c:\Users\Nam\Downloads\WorldCup\WorldCup"/>
    <property name="java.vm.compressedOopsMode" value="Zero based"/>
    <property name="line.separator" value="&#10;"/>
    <property name="java.vm.specification.vendor" value="Oracle Corporation"/>
    <property name="java.specification.name" value="Java Platform API Specification"/>
    <property name="surefire.real.class.path" value="C:\Users\Nam\AppData\Local\Temp\surefire17031498605571997966\surefirebooter-20250803172251626_3.jar"/>
    <property name="user.script" value=""/>
    <property name="sun.management.compiler" value="HotSpot 64-Bit Tiered Compilers"/>
    <property name="java.runtime.version" value="17.0.12+8-LTS-286"/>
    <property name="user.name" value="Nam"/>
    <property name="path.separator" value=";"/>
    <property name="os.version" value="10.0"/>
    <property name="java.runtime.name" value="Java(TM) SE Runtime Environment"/>
    <property name="file.encoding" value="Cp1252"/>
    <property name="java.vm.name" value="Java HotSpot(TM) 64-Bit Server VM"/>
    <property name="localRepository" value="C:\Users\Nam\.m2\repository"/>
    <property name="java.vendor.url.bug" value="https://bugreport.java.com/bugreport/"/>
    <property name="java.io.tmpdir" value="C:\Users\Nam\AppData\Local\Temp\"/>
    <property name="java.version" value="17.0.12"/>
    <property name="user.dir" value="c:\Users\Nam\Downloads\WorldCup\WorldCup"/>
    <property name="os.arch" value="amd64"/>
    <property name="java.vm.specification.name" value="Java Virtual Machine Specification"/>
    <property name="sun.os.patch.level" value=""/>
    <property name="native.encoding" value="Cp1252"/>
    <property name="java.library.path" value="C:\Program Files\Java\jdk-17\bin;C:\WINDOWS\Sun\Java\bin;C:\WINDOWS\system32;C:\WINDOWS;C:\Program Files\Common Files\Oracle\Java\javapath;C:\Program Files\NVIDIA GPU Computing Toolkit\CUDA\v12.6\bin;C:\Program Files\NVIDIA GPU Computing Toolkit\CUDA\v12.6\libnvvp;C:\Program Files\Microsoft MPI\Bin\;C:\Windows\system32;C:\Windows;C:\Windows\System32\Wbem;C:\Windows\System32\WindowsPowerShell\v1.0\;C:\Windows\System32\OpenSSH\;C:\WINDOWS\system32;C:\WINDOWS;C:\WINDOWS\System32\Wbem;C:\WINDOWS\System32\WindowsPowerShell\v1.0\;C:\WINDOWS\System32\OpenSSH\;C:\Program Files (x86)\NVIDIA Corporation\PhysX\Common;C:\Program Files\dotnet\;C:\Program Files (x86)\Microsoft SQL Server\160\Tools\Binn\;C:\Program Files\Microsoft SQL Server\160\Tools\Binn\;C:\Program Files\Microsoft SQL Server\Client SDK\ODBC\170\Tools\Binn\;C:\Program Files\Microsoft SQL Server\160\DTS\Binn\;C:\WINDOWS\system32;C:\WINDOWS;C:\WINDOWS\System32\Wbem;C:\WINDOWS\System32\WindowsPowerShell\v1.0\;C:\WINDOWS\System32\OpenSSH\;C:\Program Files\Git\cmd;C:\ProgramData\chocolatey\bin;C:\Program Files\MySQL\MySQL Server 8.0\bin;C:\Program Files\NVIDIA Corporation\Nsight Compute 2024.3.1\;C:\Users\Nam\AppData\Roaming\nvm;C:\Program Files\nodejs;C:\Program Files\NVIDIA Corporation\NVIDIA app\NvDLISR;;C:\Program Files\Docker\Docker\resources\bin;C:\Program Files\nodejs\;C:\Users\Nam\AppData\Local\Programs\Python\Python312\Scripts\;C:\Users\Nam\AppData\Local\Programs\Python\Python312\;C:\Program Files\Microsoft MPI\Bin\;C:\Program Files\Common Files\Oracle\Java\javapath;C:\Windows\system32;C:\Windows;C:\Windows\System32\Wbem;C:\Windows\System32\WindowsPowerShell\v1.0\;C:\Windows\System32\OpenSSH\;C:\Program Files\NVIDIA Corporation\NVIDIA NvDLISR;C:\WINDOWS\system32;C:\WINDOWS;C:\WINDOWS\System32\Wbem;C:\WINDOWS\System32\WindowsPowerShell\v1.0\;C:\WINDOWS\System32\OpenSSH\;C:\Program Files (x86)\NVIDIA Corporation\PhysX\Common;C:\Program Files\dotnet\;C:\Program Files (x86)\Microsoft SQL Server\160\Tools\Binn\;C:\Program Files\Microsoft SQL Server\160\Tools\Binn\;C:\Program Files\Microsoft SQL Server\Client SDK\ODBC\170\Tools\Binn\;C:\Program Files\Microsoft SQL Server\160\DTS\Binn\;C:\Program Files (x86)\Microsoft SQL Server\160\DTS\Binn\;C:\Program Files\Azure D;C:\Users\Nam\Downloads\apache-maven-3.9.9-bin\apache-maven-3.9.9\bin;C:\Users\Nam\AppData\Local\Programs\Microsoft VS Code\bin;C:\Users\Nam\AppData\Local\Microsoft\WindowsApps;C:\Users\Nam\AppData\Local\Muse Hub\lib;C:\Users\Nam\AppData\Roaming\npm;."/>
    <property name="java.vm.info" value="mixed mode, sharing"/>
    <property name="java.vendor" value="Oracle Corporation"/>
    <property name="java.vm.version" value="17.0.12+8-LTS-286"/>
    <property name="sun.io.unicode.encoding" value="UnicodeLittle"/>
    <property name="java.class.version" value="61.0"/>
  </properties>
  <testcase name="GoalConstructor_MinuteBang149_KhoiTaoThanhCong" classname="com.worldcup.GoalTest" time="0.071"/>
  <testcase name="GoalConstructor_MinuteBangMot_KhoiTaoThanhCong" classname="com.worldcup.GoalTest" time="0.002"/>
  <testcase name="GetMinute_GoiTrenGoalHopLe_TraVeMinute" classname="com.worldcup.GoalTest" time="0.002"/>
  <testcase name="GetTeam_GoiTrenGoalHopLe_TraVeTeam" classname="com.worldcup.GoalTest" time="0.007"/>
  <testcase name="GoalConstructor_MatchNullTrongNhanh_ThrowException" classname="com.worldcup.GoalTest" time="0.01"/>
  <testcase name="GoalConstructor_MatchNull_ThrowException" classname="com.worldcup.GoalTest" time="0.018"/>
  <testcase name="GoalConstructor_MinuteNhoHonKhongTrongNhanh_ThrowException" classname="com.worldcup.GoalTest" time="0.002"/>
  <testcase name="GoalConstructor_TatCaThamSoHopLe_KhoiTaoThanhCong" classname="com.worldcup.GoalTest" time="0.001"/>
  <testcase name="GetPlayerVaGetScorer_CungGoal_TraVeCungKetQua" classname="com.worldcup.GoalTest" time="0.002"/>
  <testcase name="GoalConstructor_TeamKhacNhau_KhoiTaoThanhCong" classname="com.worldcup.GoalTest" time="0.001"/>
  <testcase name="GoalConstructor_TatCaCacThamSoGioiHan_KhoiTaoThanhCong" classname="com.worldcup.GoalTest" time="0.007"/>
  <testcase name="GoalConstructor_MinuteNhoHonKhong_ThrowException" classname="com.worldcup.GoalTest" time="0.006"/>
  <testcase name="GoalConstructor_MinuteBangKhong_KhoiTaoThanhCong" classname="com.worldcup.GoalTest" time="0.004"/>
  <testcase name="GoalConstructor_PlayerNull_ThrowException" classname="com.worldcup.GoalTest" time="0.002"/>
  <testcase name="GoalConstructor_MinuteDuongLon_ThrowException" classname="com.worldcup.GoalTest" time="0.004"/>
  <testcase name="GoalConstructor_ScorerNull_ThrowException" classname="com.worldcup.GoalTest" time="0.002"/>
  <testcase name="GoalConstructor_MinuteAmLon_ThrowException" classname="com.worldcup.GoalTest" time="0.001"/>
  <testcase name="GoalConstructor_TaoNhieuGoal_TangSoBanThangDungCach" classname="com.worldcup.GoalTest" time="0.004"/>
  <testcase name="GoalConstructor_TaoGoal_TangSoBanThangCuaPlayer" classname="com.worldcup.GoalTest" time="0.002"/>
  <testcase name="GetPlayer_GoiTrenGoalHopLe_TraVePlayer" classname="com.worldcup.GoalTest" time="0.002"/>
  <testcase name="GoalConstructor_PlayerKhacNhau_KhoiTaoThanhCong" classname="com.worldcup.GoalTest" time="0.006"/>
  <testcase name="ToString_GoiTrenGoalHopLe_ChuaCacThongTinCanThiet" classname="com.worldcup.GoalTest" time="0.006"/>
  <testcase name="GoalConstructor_MinuteBang151_ThrowException" classname="com.worldcup.GoalTest" time="0.004"/>
  <testcase name="GetMatch_GoiTrenGoalHopLe_TraVeMatch" classname="com.worldcup.GoalTest" time="0.004"/>
  <testcase name="GoalConstructor_DuongThanhCong_KhoiTaoThanhCong" classname="com.worldcup.GoalTest" time="0.001"/>
  <testcase name="GoalConstructor_MinuteTrongKhoangHopLe_KhoiTaoThanhCong" classname="com.worldcup.GoalTest" time="0.003"/>
  <testcase name="GoalConstructor_TeamNull_ThrowException" classname="com.worldcup.GoalTest" time="0.003"/>
  <testcase name="GoalConstructor_MinuteBangAmMot_ThrowException" classname="com.worldcup.GoalTest" time="0.003"/>
  <testcase name="GetScorer_GoiTrenGoalHopLe_TraVePlayer" classname="com.worldcup.GoalTest" time="0.001"/>
  <testcase name="GoalConstructor_MinuteLonHon150TrongNhanh_ThrowException" classname="com.worldcup.GoalTest" time="0.003"/>
  <testcase name="GoalConstructor_SauKhoiTao_KhongThayDoiDuoc" classname="com.worldcup.GoalTest" time="0.017"/>
  <testcase name="GoalConstructor_MinuteLonHon150_ThrowException" classname="com.worldcup.GoalTest" time="0.003"/>
  <testcase name="GoalConstructor_NhieuThamSoNull_ThrowException" classname="com.worldcup.GoalTest" time="0.003"/>
  <testcase name="GoalConstructor_TeamNullTrongNhanh_ThrowException" classname="com.worldcup.GoalTest" time="0.002"/>
  <testcase name="GoalConstructor_TatCaCacThamSoNgoaiGioiHan_ThrowException" classname="com.worldcup.GoalTest" time="0.005"/>
  <testcase name="GoalConstructor_MinuteBang150_KhoiTaoThanhCong" classname="com.worldcup.GoalTest" time="0.003"/>
  <testcase name="GoalConstructor_MinuteGiuaKhoang_KhoiTaoThanhCong" classname="com.worldcup.GoalTest" time="0.002"/>
</testsuite>